#
# A fatal error has been detected by the Java Runtime Environment:
#
#  EXCEPTION_ACCESS_VIOLATION (0xc0000005) at pc=0x0000000072841088, pid=3172, tid=0x0000000000000a0c
#
# JRE version: OpenJDK Runtime Environment (8.0_242-b01) (build 1.8.0_242-release-1644-b01)
# Java VM: OpenJDK 64-Bit Server VM (25.242-b01 mixed mode windows-amd64 compressed oops)
# Problematic frame:
# V  [jvm.dll+0x71088]
#
# Failed to write core dump. Minidumps are not enabled by default on client versions of Windows
#
# If you would like to submit a bug report, please visit:
#   
#

---------------  T H R E A D  ---------------

Current thread (0x000000001f48b800):  JavaThread "Daemon worker Thread 3" [_thread_in_vm, id=2572, stack(0x000000001c450000,0x000000001c550000)]

siginfo: ExceptionCode=0xc0000005, reading address 0xffffffffffffffff

Registers:
RAX=0x04c20003c20004ff, RBX=0x0000000000000000, RCX=0x000000001c5431b0, RDX=0x0000000000000003
RSP=0x000000001c543130, RBP=0x000000001c5432b0, RSI=0x0000000000000000, RDI=0x000000001c5431b0
R8 =0x04c20003c20004ff, R9 =0x0000000000000040, R10=0x0000000000000005, R11=0x0000000000000006
R12=0x000000001f48b800, R13=0x000000003d34dc26, R14=0x000000003d34dc26, R15=0x00000000000003d4
RIP=0x0000000072841088, EFLAGS=0x0000000000010246

Top of Stack: (sp=0x000000001c543130)
0x000000001c543130:   00001fa03e4e95ec 0000000000000000
0x000000001c543140:   00001fa03e4e95fc 0000000072840205
0x000000001c543150:   000000001c5431b0 0000000072843354
0x000000001c543160:   000000001c5432b0 0000000000000000
0x000000001c543170:   000000003d34dc26 000000001f48b800
0x000000001c543180:   000000000320e5d0 0000000072844e6d
0x000000001c543190:   000000001c5432b0 000000001c5432b0
0x000000001c5431a0:   000000000320e5d0 0000000000000000
0x000000001c5431b0:   000000000320e5d0 0000000000000000
0x000000001c5431c0:   000000000320f200 0000000000000002
0x000000001c5431d0:   0000000000000006 0000000000000003
0x000000001c5431e0:   0000000000000000 00001fa03e4e947c
0x000000001c5431f0:   0000000020264ab0 00000000728b4bc2
0x000000001c543200:   000000002a0f8030 000000001f48b800
0x000000001c543210:   000000001c543400 00000000193e98d0
0x000000001c543220:   000000001c5432b0 000000007283cd2d 

Instructions: (pc=0x0000000072841088)
0x0000000072841068:   ff 83 eb 06 74 1a ff cb 74 06 ff cb 74 12 33 c0
0x0000000072841078:   48 8b 5c 24 30 48 8b 74 24 38 48 83 c4 20 5f c3
0x0000000072841088:   48 8b 40 08 48 8b 5c 24 30 48 8b 48 08 48 8b 41
0x0000000072841098:   18 48 8b 74 24 38 48 83 c4 20 5f c3 49 8b c0 48 


Register to memory mapping:

RAX=0x04c20003c20004ff is an unknown value
RBX=0x0000000000000000 is an unknown value
RCX=0x000000001c5431b0 is pointing into the stack for thread: 0x000000001f48b800
RDX=0x0000000000000003 is an unknown value
RSP=0x000000001c543130 is pointing into the stack for thread: 0x000000001f48b800
RBP=0x000000001c5432b0 is pointing into the stack for thread: 0x000000001f48b800
RSI=0x0000000000000000 is an unknown value
RDI=0x000000001c5431b0 is pointing into the stack for thread: 0x000000001f48b800
R8 =0x04c20003c20004ff is an unknown value
R9 =0x0000000000000040 is an unknown value
R10=0x0000000000000005 is an unknown value
R11=0x0000000000000006 is an unknown value
R12=0x000000001f48b800 is a thread
R13=0x000000003d34dc26 is an unknown value
R14=0x000000003d34dc26 is an unknown value
R15=0x00000000000003d4 is an unknown value


Stack: [0x000000001c450000,0x000000001c550000],  sp=0x000000001c543130,  free space=972k
Native frames: (J=compiled Java code, j=interpreted, Vv=VM code, C=native code)
V  [jvm.dll+0x71088]
V  [jvm.dll+0x73354]
V  [jvm.dll+0x74e6d]
V  [jvm.dll+0xe4bc2]
V  [jvm.dll+0x6cd2d]
V  [jvm.dll+0xce3cc]
V  [jvm.dll+0x58010]
V  [jvm.dll+0x58321]
V  [jvm.dll+0x58d11]
V  [jvm.dll+0x16db24]
V  [jvm.dll+0x16debb]
C  [java.dll+0x1751]
C  0x0000000002e1c7e5

Java frames: (J=compiled Java code, j=interpreted, Vv=VM code)
J 843  java.lang.ClassLoader.defineClass1(Ljava/lang/String;[BIILjava/security/ProtectionDomain;Ljava/lang/String;)Ljava/lang/Class; (0 bytes) @ 0x0000000002e1c75f [0x0000000002e1c6c0+0x9f]
J 9269 C2 java.security.SecureClassLoader.defineClass(Ljava/lang/String;[BIILjava/security/CodeSource;)Ljava/lang/Class; (16 bytes) @ 0x000000000450ea5c [0x000000000450e2c0+0x79c]
J 24001 C2 java.net.URLClassLoader$1.run()Ljava/lang/Class; (63 bytes) @ 0x00000000038de6b4 [0x00000000038dcee0+0x17d4]
J 5286 C2 java.net.URLClassLoader$1.run()Ljava/lang/Object; (5 bytes) @ 0x0000000003bfe754 [0x0000000003bfe720+0x34]
v  ~StubRoutines::call_stub
J 434  java.security.AccessController.doPrivileged(Ljava/security/PrivilegedExceptionAction;Ljava/security/AccessControlContext;)Ljava/lang/Object; (0 bytes) @ 0x0000000002ce27a6 [0x0000000002ce2740+0x66]
J 1405 C2 java.net.URLClassLoader.findClass(Ljava/lang/String;)Ljava/lang/Class; (47 bytes) @ 0x0000000002fe3a30 [0x0000000002fe39a0+0x90]
J 1490 C1 org.gradle.internal.classloader.TransformingClassLoader.findClass(Ljava/lang/String;)Ljava/lang/Class; (203 bytes) @ 0x0000000003033304 [0x0000000003031a80+0x1884]
J 3478 C2 java.lang.ClassLoader.loadClass(Ljava/lang/String;Z)Ljava/lang/Class; (122 bytes) @ 0x00000000036f0380 [0x00000000036eff80+0x400]
J 2192 C2 java.lang.ClassLoader.loadClass(Ljava/lang/String;)Ljava/lang/Class; (7 bytes) @ 0x000000000327fc00 [0x000000000327fbc0+0x40]
v  ~StubRoutines::call_stub
J 843  java.lang.ClassLoader.defineClass1(Ljava/lang/String;[BIILjava/security/ProtectionDomain;Ljava/lang/String;)Ljava/lang/Class; (0 bytes) @ 0x0000000002e1c75f [0x0000000002e1c6c0+0x9f]
J 9269 C2 java.security.SecureClassLoader.defineClass(Ljava/lang/String;[BIILjava/security/CodeSource;)Ljava/lang/Class; (16 bytes) @ 0x000000000450ea5c [0x000000000450e2c0+0x79c]
J 24001 C2 java.net.URLClassLoader$1.run()Ljava/lang/Class; (63 bytes) @ 0x00000000038de6b4 [0x00000000038dcee0+0x17d4]
J 5286 C2 java.net.URLClassLoader$1.run()Ljava/lang/Object; (5 bytes) @ 0x0000000003bfe754 [0x0000000003bfe720+0x34]
v  ~StubRoutines::call_stub
J 434  java.security.AccessController.doPrivileged(Ljava/security/PrivilegedExceptionAction;Ljava/security/AccessControlContext;)Ljava/lang/Object; (0 bytes) @ 0x0000000002ce27a6 [0x0000000002ce2740+0x66]
J 1405 C2 java.net.URLClassLoader.findClass(Ljava/lang/String;)Ljava/lang/Class; (47 bytes) @ 0x0000000002fe3a30 [0x0000000002fe39a0+0x90]
J 1490 C1 org.gradle.internal.classloader.TransformingClassLoader.findClass(Ljava/lang/String;)Ljava/lang/Class; (203 bytes) @ 0x0000000003033304 [0x0000000003031a80+0x1884]
J 3478 C2 java.lang.ClassLoader.loadClass(Ljava/lang/String;Z)Ljava/lang/Class; (122 bytes) @ 0x00000000036f0380 [0x00000000036eff80+0x400]
J 2192 C2 java.lang.ClassLoader.loadClass(Ljava/lang/String;)Ljava/lang/Class; (7 bytes) @ 0x000000000327fc00 [0x000000000327fbc0+0x40]
v  ~StubRoutines::call_stub
J 843  java.lang.ClassLoader.defineClass1(Ljava/lang/String;[BIILjava/security/ProtectionDomain;Ljava/lang/String;)Ljava/lang/Class; (0 bytes) @ 0x0000000002e1c75f [0x0000000002e1c6c0+0x9f]
J 9269 C2 java.security.SecureClassLoader.defineClass(Ljava/lang/String;[BIILjava/security/CodeSource;)Ljava/lang/Class; (16 bytes) @ 0x000000000450ea5c [0x000000000450e2c0+0x79c]
J 24001 C2 java.net.URLClassLoader$1.run()Ljava/lang/Class; (63 bytes) @ 0x00000000038de6b4 [0x00000000038dcee0+0x17d4]
J 5286 C2 java.net.URLClassLoader$1.run()Ljava/lang/Object; (5 bytes) @ 0x0000000003bfe754 [0x0000000003bfe720+0x34]
v  ~StubRoutines::call_stub
J 434  java.security.AccessController.doPrivileged(Ljava/security/PrivilegedExceptionAction;Ljava/security/AccessControlContext;)Ljava/lang/Object; (0 bytes) @ 0x0000000002ce27a6 [0x0000000002ce2740+0x66]
J 1405 C2 java.net.URLClassLoader.findClass(Ljava/lang/String;)Ljava/lang/Class; (47 bytes) @ 0x0000000002fe3a30 [0x0000000002fe39a0+0x90]
J 1490 C1 org.gradle.internal.classloader.TransformingClassLoader.findClass(Ljava/lang/String;)Ljava/lang/Class; (203 bytes) @ 0x0000000003033304 [0x0000000003031a80+0x1884]
J 3478 C2 java.lang.ClassLoader.loadClass(Ljava/lang/String;Z)Ljava/lang/Class; (122 bytes) @ 0x00000000036f0380 [0x00000000036eff80+0x400]
J 2192 C2 java.lang.ClassLoader.loadClass(Ljava/lang/String;)Ljava/lang/Class; (7 bytes) @ 0x000000000327fc00 [0x000000000327fbc0+0x40]
v  ~StubRoutines::call_stub
j  org.gradle.api.tasks.testing.AbstractTestTask.<init>()V+101
j  org.gradle.api.tasks.testing.Test.<init>()V+1
j  com.android.build.gradle.tasks.factory.AndroidUnitTest.<init>()V+1
j  com.android.build.gradle.tasks.factory.AndroidUnitTest_Decorated.<init>()V+1
v  ~StubRoutines::call_stub
J 2502  sun.reflect.NativeConstructorAccessorImpl.newInstance0(Ljava/lang/reflect/Constructor;[Ljava/lang/Object;)Ljava/lang/Object; (0 bytes) @ 0x0000000003479726 [0x00000000034796c0+0x66]
J 2501 C1 sun.reflect.NativeConstructorAccessorImpl.newInstance([Ljava/lang/Object;)Ljava/lang/Object; (89 bytes) @ 0x000000000347c714 [0x000000000347b6c0+0x1054]
J 8559 C2 org.gradle.internal.instantiation.generator.AsmBackedClassGenerator$InvokeConstructorStrategy.newInstance(Lorg/gradle/internal/service/ServiceLookup;Lorg/gradle/internal/instantiation/InstanceGenerator;Lorg/gradle/api/Describable;[Ljava/lang/Object;)Ljava/lang/Object; (66 bytes) @ 0x00000000042e3554 [0x00000000042e3280+0x2d4]
J 23141 C2 org.gradle.internal.instantiation.generator.DependencyInjectingInstantiator.doCreate(Ljava/lang/Class;Lorg/gradle/api/Describable;[Ljava/lang/Object;)Ljava/lang/Object; (64 bytes) @ 0x00000000067f4474 [0x00000000067f3b40+0x934]
J 24094 C1 org.gradle.internal.instantiation.generator.DependencyInjectingInstantiator.newInstanceWithDisplayName(Ljava/lang/Class;Lorg/gradle/api/Describable;[Ljava/lang/Object;)Ljava/lang/Object; (8 bytes) @ 0x0000000003dcd7fc [0x0000000003dcd780+0x7c]
j  org.gradle.api.internal.project.taskfactory.TaskFactory$1.call()Lorg/gradle/api/Task;+31
j  org.gradle.api.internal.project.taskfactory.TaskFactory$1.call()Ljava/lang/Object;+1
j  org.gradle.util.GUtil.uncheckedCall(Ljava/util/concurrent/Callable;)Ljava/lang/Object;+1
j  org.gradle.api.internal.AbstractTask.injectIntoNewInstance(Lorg/gradle/api/internal/project/ProjectInternal;Lorg/gradle/api/internal/project/taskfactory/TaskIdentity;Ljava/util/concurrent/Callable;)Lorg/gradle/api/Task;+17
j  org.gradle.api.internal.project.taskfactory.TaskFactory.create(Lorg/gradle/api/internal/project/taskfactory/TaskIdentity;[Ljava/lang/Object;)Lorg/gradle/api/Task;+212
j  org.gradle.api.internal.project.taskfactory.AnnotationProcessingTaskFactory.create(Lorg/gradle/api/internal/project/taskfactory/TaskIdentity;[Ljava/lang/Object;)Lorg/gradle/api/Task;+7
j  org.gradle.api.internal.tasks.DefaultTaskContainer.createTask(Lorg/gradle/api/internal/project/taskfactory/TaskIdentity;[Ljava/lang/Object;)Lorg/gradle/api/Task;+66
j  org.gradle.api.internal.tasks.DefaultTaskContainer.access$200(Lorg/gradle/api/internal/tasks/DefaultTaskContainer;Lorg/gradle/api/internal/project/taskfactory/TaskIdentity;[Ljava/lang/Object;)Lorg/gradle/api/Task;+3
j  org.gradle.api.internal.tasks.DefaultTaskContainer$TaskCreatingProvider.createDomainObject()Lorg/gradle/api/Task;+12
j  org.gradle.api.internal.tasks.DefaultTaskContainer$TaskCreatingProvider.createDomainObject()Ljava/lang/Object;+1
j  org.gradle.api.internal.DefaultNamedDomainObjectCollection$AbstractDomainObjectCreatingProvider.tryCreate()V+25
j  org.gradle.api.internal.tasks.DefaultTaskContainer$TaskCreatingProvider.access$1401(Lorg/gradle/api/internal/tasks/DefaultTaskContainer$TaskCreatingProvider;)V+1
j  org.gradle.api.internal.tasks.DefaultTaskContainer$TaskCreatingProvider$1.run(Lorg/gradle/internal/operations/BuildOperationContext;)V+4
J 13693 C2 org.gradle.internal.operations.DefaultBuildOperationExecutor$1.execute(Lorg/gradle/internal/operations/BuildOperationDescriptor;Lorg/gradle/internal/operations/DefaultBuildOperationExecutor$DefaultBuildOperationContext;Lorg/gradle/internal/operations/DefaultBuildOperationExecutor$BuildOperationExecutionListener;)Lorg/gradle/internal/operations/BuildOperation; (82 bytes) @ 0x0000000004ac2390 [0x0000000004ac1f60+0x430]
J 14264 C2 org.gradle.internal.operations.DefaultBuildOperationExecutor.execute(Lorg/gradle/internal/operations/BuildOperationDescriptor$Builder;Lorg/gradle/internal/operations/DefaultBuildOperationExecutor$BuildOperationState;Lorg/gradle/internal/operations/DefaultBuildOperationExecutor$BuildOperationExecution;)Lorg/gradle/internal/operations/BuildOperation; (111 bytes) @ 0x0000000004f89650 [0x0000000004f88fe0+0x670]
J 5097 C1 org.gradle.internal.operations.DefaultBuildOperationExecutor.run(Lorg/gradle/internal/operations/RunnableBuildOperation;)V (28 bytes) @ 0x0000000003af36fc [0x0000000003af3100+0x5fc]
J 13892 C1 org.gradle.internal.operations.DelegatingBuildOperationExecutor.run(Lorg/gradle/internal/operations/RunnableBuildOperation;)V (11 bytes) @ 0x0000000004e51904 [0x0000000004e51800+0x104]
j  org.gradle.api.internal.tasks.DefaultTaskContainer$TaskCreatingProvider.tryCreate()V+15
J 13915 C1 org.gradle.api.internal.DefaultNamedDomainObjectCollection$AbstractDomainObjectCreatingProvider.calculateOwnValue(Lorg/gradle/api/internal/provider/ValueSupplier$ValueConsumer;)Lorg/gradle/api/internal/provider/ValueSupplier$Value; (71 bytes) @ 0x0000000004e5f484 [0x0000000004e5e4c0+0xfc4]
J 5518 C1 org.gradle.api.internal.provider.AbstractMinimalProvider.calculateValue(Lorg/gradle/api/internal/provider/ValueSupplier$ValueConsumer;)Lorg/gradle/api/internal/provider/ValueSupplier$Value; (15 bytes) @ 0x0000000003c7766c [0x0000000003c77560+0x10c]
j  org.gradle.api.internal.provider.Collectors$ElementFromProvider.collectEntries(Lorg/gradle/api/internal/provider/ValueSupplier$ValueConsumer;Lorg/gradle/api/internal/provider/ValueCollector;Lcom/google/common/collect/ImmutableCollection$Builder;)Lorg/gradle/api/internal/provider/ValueSupplier$Value;+5
J 13620 C1 org.gradle.api.internal.provider.Collectors$TypedCollector.collectInto(Lcom/google/common/collect/ImmutableCollection$Builder;)V (14 bytes) @ 0x000000000440b924 [0x000000000440b740+0x1e4]
j  org.gradle.api.internal.collections.DefaultPendingSource.realize(Ljava/lang/Iterable;)V+52
j  org.gradle.api.internal.collections.DefaultPendingSource.realizePending(Ljava/lang/Class;)V+80
j  org.gradle.api.internal.collections.SortedSetElementSource.realizePending(Ljava/lang/Class;)V+5
j  org.gradle.api.internal.collections.FilteredCollection.realizePending(Ljava/lang/Class;)V+5
J 23291 C1 org.gradle.api.internal.DefaultDomainObjectCollection.all(Lorg/gradle/api/Action;)V (119 bytes) @ 0x0000000006355e5c [0x0000000006355ac0+0x39c]
j  org.gradle.api.internal.tasks.DefaultRealizableTaskCollection.all(Lorg/gradle/api/Action;)V+5
j  org.gradle.api.internal.DefaultDomainObjectCollection.withType(Ljava/lang/Class;Lorg/gradle/api/Action;)Lorg/gradle/api/DomainObjectCollection;+14
j  org.gradle.api.internal.DefaultDomainObjectCollection.withType(Ljava/lang/Class;Lgroovy/lang/Closure;)Lorg/gradle/api/DomainObjectCollection;+7
j  org.jetbrains.plugins.gradle.tooling.builder.ExternalTestsModelBuilderImpl.getMapping(Lorg/gradle/api/Project;)Ljava/util/List;+38
j  org.jetbrains.plugins.gradle.tooling.builder.ExternalTestsModelBuilderImpl.buildAll(Ljava/lang/String;Lorg/gradle/api/Project;)Ljava/lang/Object;+18
j  org.jetbrains.plugins.gradle.tooling.internal.ExtraModelBuilder.buildAll(Ljava/lang/String;Lorg/gradle/api/Project;)Ljava/lang/Object;+289
j  org.gradle.tooling.provider.model.internal.DefaultToolingModelBuilderRegistry$BuildOperationWrappingToolingModelBuilder$1$1.create()Ljava/lang/Object;+24
j  org.gradle.api.internal.project.DefaultProjectStateRegistry.withLenientState(Lorg/gradle/internal/Factory;)Ljava/lang/Object;+21
j  org.gradle.tooling.provider.model.internal.DefaultToolingModelBuilderRegistry$BuildOperationWrappingToolingModelBuilder$1.call(Lorg/gradle/internal/operations/BuildOperationContext;)Ljava/lang/Object;+18
J 13693 C2 org.gradle.internal.operations.DefaultBuildOperationExecutor$1.execute(Lorg/gradle/internal/operations/BuildOperationDescriptor;Lorg/gradle/internal/operations/DefaultBuildOperationExecutor$DefaultBuildOperationContext;Lorg/gradle/internal/operations/DefaultBuildOperationExecutor$BuildOperationExecutionListener;)Lorg/gradle/internal/operations/BuildOperation; (82 bytes) @ 0x0000000004ac23dc [0x0000000004ac1f60+0x47c]
J 14264 C2 org.gradle.internal.operations.DefaultBuildOperationExecutor.execute(Lorg/gradle/internal/operations/BuildOperationDescriptor$Builder;Lorg/gradle/internal/operations/DefaultBuildOperationExecutor$BuildOperationState;Lorg/gradle/internal/operations/DefaultBuildOperationExecutor$BuildOperationExecution;)Lorg/gradle/internal/operations/BuildOperation; (111 bytes) @ 0x0000000004f89650 [0x0000000004f88fe0+0x670]
J 23560 C2 org.gradle.internal.operations.DefaultBuildOperationExecutor.execute(Lorg/gradle/internal/operations/BuildOperation;Lorg/gradle/internal/operations/BuildOperationWorker;Lorg/gradle/internal/operations/DefaultBuildOperationExecutor$BuildOperationState;)V (27 bytes) @ 0x000000000469691c [0x0000000004696860+0xbc]
J 18796 C2 org.gradle.internal.operations.DelegatingBuildOperationExecutor.call(Lorg/gradle/internal/operations/CallableBuildOperation;)Ljava/lang/Object; (11 bytes) @ 0x0000000005e2c740 [0x0000000005e2c5e0+0x160]
j  org.gradle.tooling.provider.model.internal.DefaultToolingModelBuilderRegistry$BuildOperationWrappingToolingModelBuilder.buildAll(Ljava/lang/String;Lorg/gradle/api/Project;)Ljava/lang/Object;+17
j  org.gradle.tooling.internal.provider.runner.DefaultBuildController.getModel(Ljava/lang/Object;Lorg/gradle/tooling/internal/protocol/ModelIdentifier;Ljava/lang/Object;)Lorg/gradle/tooling/internal/protocol/BuildResult;+91
j  org.gradle.tooling.internal.consumer.connection.InternalBuildActionAdapter$2.getModel(Ljava/lang/Object;Lorg/gradle/tooling/internal/protocol/ModelIdentifier;Ljava/lang/Object;)Lorg/gradle/tooling/internal/protocol/BuildResult;+7
j  org.gradle.tooling.internal.consumer.connection.BuildControllerAdapter.getModel(Lorg/gradle/tooling/model/Model;Ljava/lang/Class;Ljava/lang/Class;Lorg/gradle/api/Action;)Ljava/lang/Object;+47
j  org.gradle.tooling.internal.consumer.connection.AbstractBuildController.findModel(Lorg/gradle/tooling/model/Model;Ljava/lang/Class;Ljava/lang/Class;Lorg/gradle/api/Action;)Ljava/lang/Object;+6
j  org.gradle.tooling.internal.consumer.connection.AbstractBuildController.findModel(Lorg/gradle/tooling/model/Model;Ljava/lang/Class;)Ljava/lang/Object;+5
j  org.jetbrains.plugins.gradle.model.ProjectImportAction$MyBuildController.findModel(Lorg/gradle/tooling/model/Model;Ljava/lang/Class;)Ljava/lang/Object;+20
j  org.jetbrains.plugins.gradle.model.ClassSetImportModelProvider.populateProjectModels(Lorg/gradle/tooling/BuildController;Lorg/gradle/tooling/model/Model;Lorg/jetbrains/plugins/gradle/model/ProjectImportModelProvider$ProjectModelConsumer;)V+37
j  org.jetbrains.plugins.gradle.model.ProjectImportAction.addProjectModels(Lorg/jetbrains/plugins/gradle/model/ProjectImportAction$ToolingSerializerAdapter;Lorg/gradle/tooling/BuildController;Lorg/jetbrains/plugins/gradle/model/ProjectImportAction$AllModels;Lorg/gradle/tooling/model/gradle/BasicGradleProject;Z)V+76
j  org.jetbrains.plugins.gradle.model.ProjectImportAction.execute(Lorg/gradle/tooling/BuildController;)Lorg/jetbrains/plugins/gradle/model/ProjectImportAction$AllModels;+248
j  org.jetbrains.plugins.gradle.model.ProjectImportAction.execute(Lorg/gradle/tooling/BuildController;)Ljava/lang/Object;+2
j  org.gradle.tooling.internal.consumer.connection.InternalBuildActionAdapter.execute(Lorg/gradle/tooling/internal/protocol/InternalBuildControllerVersion2;)Ljava/lang/Object;+49
j  org.gradle.tooling.internal.provider.runner.ClientProvidedPhasedActionRunner$ActionRunningListener.runAction(Lorg/gradle/tooling/internal/protocol/InternalBuildActionVersion2;Lorg/gradle/api/internal/GradleInternal;)Lorg/gradle/tooling/internal/provider/serialization/SerializedPayload;+11
j  org.gradle.tooling.internal.provider.runner.ClientProvidedPhasedActionRunner$ActionRunningListener.run(Lorg/gradle/tooling/internal/protocol/InternalBuildActionVersion2;Lorg/gradle/tooling/internal/protocol/PhasedActionResult$Phase;)V+10
j  org.gradle.tooling.internal.provider.runner.ClientProvidedPhasedActionRunner$ActionRunningListener.buildFinished(Lorg/gradle/BuildResult;)V+20
j  sun.reflect.GeneratedMethodAccessor34.invoke(Ljava/lang/Object;[Ljava/lang/Object;)Ljava/lang/Object;+40
J 7891 C2 org.gradle.internal.dispatch.ReflectionDispatch.dispatch(Ljava/lang/Object;)V (9 bytes) @ 0x00000000040cfde8 [0x00000000040cfd40+0xa8]
J 10009 C1 org.gradle.internal.event.DefaultListenerManager$ListenerDetails.dispatch(Ljava/lang/Object;)V (9 bytes) @ 0x000000000471393c [0x00000000047135a0+0x39c]
J 8522 C2 org.gradle.internal.event.DefaultListenerManager$EventBroadcast$ListenerDispatch.dispatch(Lorg/gradle/internal/dispatch/MethodInvocation;)V (55 bytes) @ 0x00000000042ca4f4 [0x00000000042ca120+0x3d4]
J 8526 C2 org.gradle.internal.event.DefaultListenerManager$EventBroadcast$ListenerDispatch.dispatch(Ljava/lang/Object;)V (9 bytes) @ 0x0000000003a12460 [0x0000000003a12420+0x40]
J 7903 C2 org.gradle.internal.event.BroadcastDispatch$SingletonDispatch.dispatch(Ljava/lang/Object;)V (9 bytes) @ 0x00000000040d40ac [0x00000000040d3ee0+0x1cc]
J 9978 C2 org.gradle.internal.event.ListenerBroadcast.dispatch(Ljava/lang/Object;)V (9 bytes) @ 0x0000000004709214 [0x00000000047090e0+0x134]
J 23485 C2 org.gradle.internal.dispatch.ProxyDispatchAdapter$DispatchingInvocationHandler.invoke(Ljava/lang/Object;Ljava/lang/reflect/Method;[Ljava/lang/Object;)Ljava/lang/Object; (184 bytes) @ 0x00000000061c97e4 [0x00000000061c9480+0x364]
j  com.sun.proxy.$Proxy18.buildFinished(Lorg/gradle/BuildResult;)V+16
j  org.gradle.initialization.DefaultGradleLauncher.finishBuild(Ljava/lang/String;Ljava/lang/Throwable;)V+71
j  org.gradle.initialization.DefaultGradleLauncher.finishBuild()V+16
j  org.gradle.internal.invocation.GradleBuildController$1.create()Lorg/gradle/api/internal/GradleInternal;+37
j  org.gradle.internal.invocation.GradleBuildController$1.create()Ljava/lang/Object;+1
J 23653 C1 org.gradle.internal.work.DefaultWorkerLeaseService.withLocks(Ljava/lang/Iterable;Lorg/gradle/internal/Factory;)Ljava/lang/Object; (51 bytes) @ 0x00000000069e6594 [0x00000000069e61a0+0x3f4]
j  org.gradle.internal.work.StopShieldingWorkerLeaseService.withLocks(Ljava/lang/Iterable;Lorg/gradle/internal/Factory;)Ljava/lang/Object;+6
j  org.gradle.internal.invocation.GradleBuildController.doBuild(Lorg/gradle/api/internal/GradleInternal$BuildType;Lorg/gradle/api/Action;)Lorg/gradle/api/internal/GradleInternal;+26
j  org.gradle.internal.invocation.GradleBuildController.run()Lorg/gradle/api/internal/GradleInternal;+9
j  org.gradle.tooling.internal.provider.runner.ClientProvidedPhasedActionRunner.run(Lorg/gradle/internal/invocation/BuildAction;Lorg/gradle/internal/invocation/BuildController;)Lorg/gradle/internal/invocation/BuildActionRunner$Result;+92
j  org.gradle.launcher.exec.ChainingBuildActionRunner.run(Lorg/gradle/internal/invocation/BuildAction;Lorg/gradle/internal/invocation/BuildController;)Lorg/gradle/internal/invocation/BuildActionRunner$Result;+34
j  org.gradle.launcher.exec.ChainingBuildActionRunner.run(Lorg/gradle/internal/invocation/BuildAction;Lorg/gradle/internal/invocation/BuildController;)Lorg/gradle/internal/invocation/BuildActionRunner$Result;+34
j  org.gradle.launcher.exec.BuildOutcomeReportingBuildActionRunner.run(Lorg/gradle/internal/invocation/BuildAction;Lorg/gradle/internal/invocation/BuildController;)Lorg/gradle/internal/invocation/BuildActionRunner$Result;+143
j  org.gradle.tooling.internal.provider.ValidatingBuildActionRunner.run(Lorg/gradle/internal/invocation/BuildAction;Lorg/gradle/internal/invocation/BuildController;)Lorg/gradle/internal/invocation/BuildActionRunner$Result;+6
j  org.gradle.launcher.exec.BuildCompletionNotifyingBuildActionRunner.run(Lorg/gradle/internal/invocation/BuildAction;Lorg/gradle/internal/invocation/BuildController;)Lorg/gradle/internal/invocation/BuildActionRunner$Result;+28
j  org.gradle.launcher.exec.RunAsBuildOperationBuildActionRunner$3.call(Lorg/gradle/internal/operations/BuildOperationContext;)Lorg/gradle/internal/invocation/BuildActionRunner$Result;+95
j  org.gradle.launcher.exec.RunAsBuildOperationBuildActionRunner$3.call(Lorg/gradle/internal/operations/BuildOperationContext;)Ljava/lang/Object;+2
J 13693 C2 org.gradle.internal.operations.DefaultBuildOperationExecutor$1.execute(Lorg/gradle/internal/operations/BuildOperationDescriptor;Lorg/gradle/internal/operations/DefaultBuildOperationExecutor$DefaultBuildOperationContext;Lorg/gradle/internal/operations/DefaultBuildOperationExecutor$BuildOperationExecutionListener;)Lorg/gradle/internal/operations/BuildOperation; (82 bytes) @ 0x0000000004ac23dc [0x0000000004ac1f60+0x47c]
J 14264 C2 org.gradle.internal.operations.DefaultBuildOperationExecutor.execute(Lorg/gradle/internal/operations/BuildOperationDescriptor$Builder;Lorg/gradle/internal/operations/DefaultBuildOperationExecutor$BuildOperationState;Lorg/gradle/internal/operations/DefaultBuildOperationExecutor$BuildOperationExecution;)Lorg/gradle/internal/operations/BuildOperation; (111 bytes) @ 0x0000000004f89650 [0x0000000004f88fe0+0x670]
J 23560 C2 org.gradle.internal.operations.DefaultBuildOperationExecutor.execute(Lorg/gradle/internal/operations/BuildOperation;Lorg/gradle/internal/operations/BuildOperationWorker;Lorg/gradle/internal/operations/DefaultBuildOperationExecutor$BuildOperationState;)V (27 bytes) @ 0x000000000469691c [0x0000000004696860+0xbc]
J 18796 C2 org.gradle.internal.operations.DelegatingBuildOperationExecutor.call(Lorg/gradle/internal/operations/CallableBuildOperation;)Ljava/lang/Object; (11 bytes) @ 0x0000000005e2c740 [0x0000000005e2c5e0+0x160]
j  org.gradle.launcher.exec.RunAsBuildOperationBuildActionRunner.run(Lorg/gradle/internal/invocation/BuildAction;Lorg/gradle/internal/invocation/BuildController;)Lorg/gradle/internal/invocation/BuildActionRunner$Result;+33
j  org.gradle.launcher.exec.InProcessBuildActionExecuter$1.transform(Lorg/gradle/internal/invocation/BuildController;)Lorg/gradle/launcher/exec/BuildActionResult;+12
j  org.gradle.launcher.exec.InProcessBuildActionExecuter$1.transform(Ljava/lang/Object;)Ljava/lang/Object;+5
j  org.gradle.composite.internal.DefaultRootBuildState.run(Lorg/gradle/api/Transformer;)Ljava/lang/Object;+43
j  org.gradle.launcher.exec.InProcessBuildActionExecuter.execute(Lorg/gradle/internal/invocation/BuildAction;Lorg/gradle/initialization/BuildRequestContext;Lorg/gradle/launcher/exec/BuildActionParameters;Lorg/gradle/internal/service/ServiceRegistry;)Lorg/gradle/launcher/exec/BuildActionResult;+82
j  org.gradle.launcher.exec.InProcessBuildActionExecuter.execute(Lorg/gradle/internal/invocation/BuildAction;Lorg/gradle/initialization/BuildRequestContext;Ljava/lang/Object;Lorg/gradle/internal/service/ServiceRegistry;)Lorg/gradle/launcher/exec/BuildActionResult;+9
j  org.gradle.launcher.exec.BuildTreeScopeBuildActionExecuter.execute(Lorg/gradle/internal/invocation/BuildAction;Lorg/gradle/initialization/BuildRequestContext;Lorg/gradle/launcher/exec/BuildActionParameters;Lorg/gradle/internal/service/ServiceRegistry;)Lorg/gradle/launcher/exec/BuildActionResult;+38
j  org.gradle.launcher.exec.BuildTreeScopeBuildActionExecuter.execute(Lorg/gradle/internal/invocation/BuildAction;Lorg/gradle/initialization/BuildRequestContext;Ljava/lang/Object;Lorg/gradle/internal/service/ServiceRegistry;)Lorg/gradle/launcher/exec/BuildActionResult;+9
j  org.gradle.tooling.internal.provider.ContinuousBuildActionExecuter.execute(Lorg/gradle/internal/invocation/BuildAction;Lorg/gradle/initialization/BuildRequestContext;Lorg/gradle/launcher/exec/BuildActionParameters;Lorg/gradle/internal/service/ServiceRegistry;)Lorg/gradle/launcher/exec/BuildActionResult;+58
j  org.gradle.tooling.internal.provider.ContinuousBuildActionExecuter.execute(Lorg/gradle/internal/invocation/BuildAction;Lorg/gradle/initialization/BuildRequestContext;Ljava/lang/Object;Lorg/gradle/internal/service/ServiceRegistry;)Lorg/gradle/launcher/exec/BuildActionResult;+9
j  org.gradle.tooling.internal.provider.SubscribableBuildActionExecuter.execute(Lorg/gradle/internal/invocation/BuildAction;Lorg/gradle/initialization/BuildRequestContext;Lorg/gradle/launcher/exec/BuildActionParameters;Lorg/gradle/internal/service/ServiceRegistry;)Lorg/gradle/launcher/exec/BuildActionResult;+41
j  org.gradle.tooling.internal.provider.SubscribableBuildActionExecuter.execute(Lorg/gradle/internal/invocation/BuildAction;Lorg/gradle/initialization/BuildRequestContext;Ljava/lang/Object;Lorg/gradle/internal/service/ServiceRegistry;)Lorg/gradle/launcher/exec/BuildActionResult;+9
j  org.gradle.tooling.internal.provider.SessionScopeBuildActionExecuter.execute(Lorg/gradle/internal/invocation/BuildAction;Lorg/gradle/initialization/BuildRequestContext;Lorg/gradle/launcher/exec/BuildActionParameters;Lorg/gradle/internal/service/ServiceRegistry;)Lorg/gradle/launcher/exec/BuildActionResult;+117
j  org.gradle.tooling.internal.provider.SessionScopeBuildActionExecuter.execute(Lorg/gradle/internal/invocation/BuildAction;Lorg/gradle/initialization/BuildRequestContext;Ljava/lang/Object;Lorg/gradle/internal/service/ServiceRegistry;)Lorg/gradle/launcher/exec/BuildActionResult;+9
j  org.gradle.tooling.internal.provider.GradleThreadBuildActionExecuter.execute(Lorg/gradle/internal/invocation/BuildAction;Lorg/gradle/initialization/BuildRequestContext;Lorg/gradle/launcher/exec/BuildActionParameters;Lorg/gradle/internal/service/ServiceRegistry;)Lorg/gradle/launcher/exec/BuildActionResult;+12
j  org.gradle.tooling.internal.provider.GradleThreadBuildActionExecuter.execute(Lorg/gradle/internal/invocation/BuildAction;Lorg/gradle/initialization/BuildRequestContext;Ljava/lang/Object;Lorg/gradle/internal/service/ServiceRegistry;)Lorg/gradle/launcher/exec/BuildActionResult;+9
j  org.gradle.tooling.internal.provider.StartParamsValidatingActionExecuter.execute(Lorg/gradle/internal/invocation/BuildAction;Lorg/gradle/initialization/BuildRequestContext;Lorg/gradle/launcher/exec/BuildActionParameters;Lorg/gradle/internal/service/ServiceRegistry;)Lorg/gradle/launcher/exec/BuildActionResult;+177
j  org.gradle.tooling.internal.provider.StartParamsValidatingActionExecuter.execute(Lorg/gradle/internal/invocation/BuildAction;Lorg/gradle/initialization/BuildRequestContext;Ljava/lang/Object;Lorg/gradle/internal/service/ServiceRegistry;)Lorg/gradle/launcher/exec/BuildActionResult;+9
j  org.gradle.tooling.internal.provider.SessionFailureReportingActionExecuter.execute(Lorg/gradle/internal/invocation/BuildAction;Lorg/gradle/initialization/BuildRequestContext;Lorg/gradle/launcher/exec/BuildActionParameters;Lorg/gradle/internal/service/ServiceRegistry;)Lorg/gradle/launcher/exec/BuildActionResult;+9
j  org.gradle.tooling.internal.provider.SessionFailureReportingActionExecuter.execute(Lorg/gradle/internal/invocation/BuildAction;Lorg/gradle/initialization/BuildRequestContext;Ljava/lang/Object;Lorg/gradle/internal/service/ServiceRegistry;)Lorg/gradle/launcher/exec/BuildActionResult;+9
j  org.gradle.tooling.internal.provider.SetupLoggingActionExecuter.execute(Lorg/gradle/internal/invocation/BuildAction;Lorg/gradle/initialization/BuildRequestContext;Lorg/gradle/launcher/exec/BuildActionParameters;Lorg/gradle/internal/service/ServiceRegistry;)Lorg/gradle/launcher/exec/BuildActionResult;+52
j  org.gradle.tooling.internal.provider.SetupLoggingActionExecuter.execute(Lorg/gradle/internal/invocation/BuildAction;Lorg/gradle/initialization/BuildRequestContext;Ljava/lang/Object;Lorg/gradle/internal/service/ServiceRegistry;)Lorg/gradle/launcher/exec/BuildActionResult;+9
j  org.gradle.launcher.daemon.server.exec.ExecuteBuild.doBuild(Lorg/gradle/launcher/daemon/server/api/DaemonCommandExecution;Lorg/gradle/launcher/daemon/protocol/Build;)V+118
j  org.gradle.launcher.daemon.server.exec.BuildCommandOnly.execute(Lorg/gradle/launcher/daemon/server/api/DaemonCommandExecution;)V+49
j  org.gradle.launcher.daemon.server.api.DaemonCommandExecution.proceed()Z+23
j  org.gradle.launcher.daemon.server.exec.WatchForDisconnection.execute(Lorg/gradle/launcher/daemon/server/api/DaemonCommandExecution;)V+19
j  org.gradle.launcher.daemon.server.api.DaemonCommandExecution.proceed()Z+23
j  org.gradle.launcher.daemon.server.exec.ResetDeprecationLogger.execute(Lorg/gradle/launcher/daemon/server/api/DaemonCommandExecution;)V+7
j  org.gradle.launcher.daemon.server.api.DaemonCommandExecution.proceed()Z+23
j  org.gradle.launcher.daemon.server.exec.RequestStopIfSingleUsedDaemon.execute(Lorg/gradle/launcher/daemon/server/api/DaemonCommandExecution;)V+33
j  org.gradle.launcher.daemon.server.api.DaemonCommandExecution.proceed()Z+23
j  org.gradle.launcher.daemon.server.exec.ForwardClientInput$2.create()Ljava/lang/Void;+4
j  org.gradle.launcher.daemon.server.exec.ForwardClientInput$2.create()Ljava/lang/Object;+1
j  org.gradle.util.Swapper.swap(Ljava/lang/Object;Lorg/gradle/internal/Factory;)Ljava/lang/Object;+21
j  org.gradle.launcher.daemon.server.exec.ForwardClientInput.execute(Lorg/gradle/launcher/daemon/server/api/DaemonCommandExecution;)V+63
j  org.gradle.launcher.daemon.server.api.DaemonCommandExecution.proceed()Z+23
j  org.gradle.launcher.daemon.server.exec.LogAndCheckHealth.execute(Lorg/gradle/launcher/daemon/server/api/DaemonCommandExecution;)V+28
j  org.gradle.launcher.daemon.server.api.DaemonCommandExecution.proceed()Z+23
j  org.gradle.launcher.daemon.server.exec.LogToClient.doBuild(Lorg/gradle/launcher/daemon/server/api/DaemonCommandExecution;Lorg/gradle/launcher/daemon/protocol/Build;)V+87
j  org.gradle.launcher.daemon.server.exec.BuildCommandOnly.execute(Lorg/gradle/launcher/daemon/server/api/DaemonCommandExecution;)V+49
j  org.gradle.launcher.daemon.server.api.DaemonCommandExecution.proceed()Z+23
j  org.gradle.launcher.daemon.server.exec.EstablishBuildEnvironment.doBuild(Lorg/gradle/launcher/daemon/server/api/DaemonCommandExecution;Lorg/gradle/launcher/daemon/protocol/Build;)V+351
j  org.gradle.launcher.daemon.server.exec.BuildCommandOnly.execute(Lorg/gradle/launcher/daemon/server/api/DaemonCommandExecution;)V+49
j  org.gradle.launcher.daemon.server.api.DaemonCommandExecution.proceed()Z+23
j  org.gradle.launcher.daemon.server.exec.StartBuildOrRespondWithBusy$1.run()V+44
j  org.gradle.launcher.daemon.server.DaemonStateCoordinator$1.run()V+4
J 13423 C2 org.gradle.internal.concurrent.ManagedExecutorImpl$1.run()V (59 bytes) @ 0x0000000003c0d8d8 [0x0000000003c0d7a0+0x138]
J 8584 C1 java.util.concurrent.ThreadPoolExecutor.runWorker(Ljava/util/concurrent/ThreadPoolExecutor$Worker;)V (225 bytes) @ 0x00000000042e8fa4 [0x00000000042e7f60+0x1044]
J 22969 C1 java.util.concurrent.ThreadPoolExecutor$Worker.run()V (9 bytes) @ 0x0000000003ed5244 [0x0000000003ed5140+0x104]
J 23051 C1 org.gradle.internal.concurrent.ThreadFactoryImpl$ManagedThreadRunnable.run()V (13 bytes) @ 0x000000000686e1b4 [0x000000000686dc60+0x554]
J 22963 C1 java.lang.Thread.run()V (17 bytes) @ 0x000000000651a104 [0x0000000006519fc0+0x144]
v  ~StubRoutines::call_stub

---------------  P R O C E S S  ---------------

Java Threads: ( => current thread )
  0x000000001b2f3800 JavaThread "Cache worker for execution history cache (D:\Akash_data\Documents\CityOne\.gradle\6.5\executionHistory)" [_thread_blocked, id=6568, stack(0x000000002c6c0000,0x000000002c7c0000)]
  0x000000001d9c3800 JavaThread "jar transforms Thread 376" [_thread_blocked, id=3808, stack(0x000000002a8b0000,0x000000002a9b0000)]
  0x000000001d9c0800 JavaThread "jar transforms Thread 375" [_thread_blocked, id=8832, stack(0x0000000028580000,0x0000000028680000)]
  0x000000001d9c5000 JavaThread "jar transforms Thread 374" [_thread_blocked, id=6712, stack(0x0000000028180000,0x0000000028280000)]
  0x000000001d9c6800 JavaThread "jar transforms Thread 373" [_thread_blocked, id=4120, stack(0x0000000027e80000,0x0000000027f80000)]
  0x000000001a53c000 JavaThread "jar transforms Thread 372" [_thread_blocked, id=6864, stack(0x0000000027d80000,0x0000000027e80000)]
  0x000000001a53b800 JavaThread "jar transforms Thread 371" [_thread_blocked, id=8972, stack(0x0000000027c80000,0x0000000027d80000)]
  0x000000001a53a800 JavaThread "jar transforms Thread 370" [_thread_blocked, id=3920, stack(0x0000000027b80000,0x0000000027c80000)]
  0x000000001a541800 JavaThread "jar transforms Thread 369" [_thread_blocked, id=8116, stack(0x0000000027a80000,0x0000000027b80000)]
  0x000000001a540800 JavaThread "jar transforms Thread 368" [_thread_blocked, id=6156, stack(0x0000000027980000,0x0000000027a80000)]
  0x000000001a533000 JavaThread "jar transforms Thread 367" [_thread_blocked, id=1820, stack(0x0000000027880000,0x0000000027980000)]
  0x000000001a539000 JavaThread "jar transforms Thread 366" [_thread_blocked, id=8740, stack(0x0000000027780000,0x0000000027880000)]
  0x000000001a538800 JavaThread "jar transforms Thread 365" [_thread_blocked, id=8712, stack(0x0000000027680000,0x0000000027780000)]
  0x000000001a537800 JavaThread "jar transforms Thread 364" [_thread_blocked, id=6748, stack(0x0000000027580000,0x0000000027680000)]
  0x000000001a537000 JavaThread "jar transforms Thread 363" [_thread_blocked, id=4016, stack(0x0000000027480000,0x0000000027580000)]
  0x000000001a534000 JavaThread "jar transforms Thread 362" [_thread_blocked, id=5816, stack(0x0000000027380000,0x0000000027480000)]
  0x000000001a536000 JavaThread "jar transforms Thread 361" [_thread_blocked, id=6420, stack(0x0000000027280000,0x0000000027380000)]
  0x000000001a534800 JavaThread "jar transforms Thread 360" [_thread_blocked, id=5304, stack(0x0000000027180000,0x0000000027280000)]
  0x000000001b63f800 JavaThread "jar transforms Thread 359" [_thread_blocked, id=6752, stack(0x0000000027080000,0x0000000027180000)]
  0x000000001b63e800 JavaThread "jar transforms Thread 358" [_thread_blocked, id=6512, stack(0x0000000026f80000,0x0000000027080000)]
  0x000000001b63e000 JavaThread "jar transforms Thread 357" [_thread_blocked, id=6344, stack(0x0000000026e80000,0x0000000026f80000)]
  0x000000001b642800 JavaThread "jar transforms Thread 356" [_thread_blocked, id=6100, stack(0x0000000026d80000,0x0000000026e80000)]
  0x000000001b641800 JavaThread "jar transforms Thread 355" [_thread_blocked, id=6576, stack(0x0000000026c80000,0x0000000026d80000)]
  0x000000001b640000 JavaThread "jar transforms Thread 354" [_thread_blocked, id=1856, stack(0x0000000026b80000,0x0000000026c80000)]
  0x000000001b641000 JavaThread "jar transforms Thread 353" [_thread_blocked, id=1632, stack(0x0000000026a80000,0x0000000026b80000)]
  0x000000001b63d000 JavaThread "jar transforms Thread 352" [_thread_blocked, id=9200, stack(0x0000000026980000,0x0000000026a80000)]
  0x000000001b637000 JavaThread "jar transforms Thread 351" [_thread_blocked, id=2760, stack(0x0000000026880000,0x0000000026980000)]
  0x000000001b635800 JavaThread "jar transforms Thread 350" [_thread_blocked, id=5584, stack(0x0000000026780000,0x0000000026880000)]
  0x000000001b63c800 JavaThread "jar transforms Thread 349" [_thread_blocked, id=4100, stack(0x0000000026680000,0x0000000026780000)]
  0x000000001b636800 JavaThread "jar transforms Thread 348" [_thread_blocked, id=6088, stack(0x0000000026580000,0x0000000026680000)]
  0x000000001b639800 JavaThread "jar transforms Thread 347" [_thread_blocked, id=5660, stack(0x0000000026480000,0x0000000026580000)]
  0x000000001b635000 JavaThread "jar transforms Thread 346" [_thread_blocked, id=428, stack(0x0000000026380000,0x0000000026480000)]
  0x000000001b63b800 JavaThread "jar transforms Thread 345" [_thread_blocked, id=6096, stack(0x0000000026280000,0x0000000026380000)]
  0x000000001b638800 JavaThread "jar transforms Thread 344" [_thread_blocked, id=4212, stack(0x0000000026180000,0x0000000026280000)]
  0x000000001b634000 JavaThread "jar transforms Thread 343" [_thread_blocked, id=184, stack(0x0000000026080000,0x0000000026180000)]
  0x000000001f7d8000 JavaThread "jar transforms Thread 342" [_thread_blocked, id=1048, stack(0x0000000025f80000,0x0000000026080000)]
  0x000000001f7d7800 JavaThread "jar transforms Thread 341" [_thread_blocked, id=6432, stack(0x0000000025e80000,0x0000000025f80000)]
  0x000000001f7d9800 JavaThread "jar transforms Thread 340" [_thread_blocked, id=3548, stack(0x0000000025d80000,0x0000000025e80000)]
  0x000000001f7d6800 JavaThread "jar transforms Thread 339" [_thread_blocked, id=940, stack(0x0000000025c80000,0x0000000025d80000)]
  0x000000001f7dc000 JavaThread "jar transforms Thread 338" [_thread_blocked, id=4668, stack(0x0000000025b80000,0x0000000025c80000)]
  0x000000001f7d6000 JavaThread "jar transforms Thread 337" [_thread_blocked, id=2676, stack(0x0000000025a80000,0x0000000025b80000)]
  0x000000001f7d9000 JavaThread "jar transforms Thread 336" [_thread_blocked, id=5700, stack(0x0000000025980000,0x0000000025a80000)]
  0x000000001f7db000 JavaThread "jar transforms Thread 335" [_thread_blocked, id=400, stack(0x0000000025880000,0x0000000025980000)]
  0x000000001f7dc800 JavaThread "jar transforms Thread 334" [_thread_blocked, id=3644, stack(0x0000000025780000,0x0000000025880000)]
  0x000000001f7cd800 JavaThread "jar transforms Thread 333" [_thread_blocked, id=2024, stack(0x0000000025680000,0x0000000025780000)]
  0x000000001f7d4800 JavaThread "jar transforms Thread 332" [_thread_blocked, id=8784, stack(0x0000000025580000,0x0000000025680000)]
  0x000000001f7d3000 JavaThread "jar transforms Thread 331" [_thread_blocked, id=8456, stack(0x0000000025480000,0x0000000025580000)]
  0x000000001f7d2000 JavaThread "jar transforms Thread 330" [_thread_blocked, id=312, stack(0x0000000025380000,0x0000000025480000)]
  0x000000001f7d1800 JavaThread "jar transforms Thread 329" [_thread_blocked, id=3780, stack(0x0000000025280000,0x0000000025380000)]
  0x000000001f7d0800 JavaThread "jar transforms Thread 328" [_thread_blocked, id=2540, stack(0x0000000025180000,0x0000000025280000)]
  0x000000001f7d0000 JavaThread "jar transforms Thread 327" [_thread_blocked, id=1380, stack(0x0000000025080000,0x0000000025180000)]
  0x000000001f7d3800 JavaThread "jar transforms Thread 326" [_thread_blocked, id=5320, stack(0x0000000024f80000,0x0000000025080000)]
  0x000000001f7ce800 JavaThread "jar transforms Thread 325" [_thread_blocked, id=5760, stack(0x0000000024e80000,0x0000000024f80000)]
  0x000000001dbd3000 JavaThread "jar transforms Thread 324" [_thread_blocked, id=8852, stack(0x0000000024d80000,0x0000000024e80000)]
  0x000000001dbd3800 JavaThread "jar transforms Thread 323" [_thread_blocked, id=104, stack(0x0000000024c80000,0x0000000024d80000)]
  0x000000001dbd1800 JavaThread "jar transforms Thread 322" [_thread_blocked, id=5748, stack(0x0000000024b80000,0x0000000024c80000)]
  0x000000001dbcf000 JavaThread "jar transforms Thread 321" [_thread_blocked, id=3012, stack(0x0000000024a80000,0x0000000024b80000)]
  0x000000001dbd0800 JavaThread "jar transforms Thread 320" [_thread_blocked, id=5676, stack(0x0000000024980000,0x0000000024a80000)]
  0x000000001dbd2000 JavaThread "jar transforms Thread 319" [_thread_blocked, id=8168, stack(0x0000000024880000,0x0000000024980000)]
  0x000000001dbce800 JavaThread "jar transforms Thread 318" [_thread_blocked, id=8788, stack(0x0000000024780000,0x0000000024880000)]
  0x000000001dbc7000 JavaThread "jar transforms Thread 317" [_thread_blocked, id=1436, stack(0x0000000024680000,0x0000000024780000)]
  0x000000001dbc8800 JavaThread "jar transforms Thread 316" [_thread_blocked, id=8924, stack(0x0000000024580000,0x0000000024680000)]
  0x000000001dbcd800 JavaThread "jar transforms Thread 315" [_thread_blocked, id=4584, stack(0x0000000024480000,0x0000000024580000)]
  0x000000001dbc6000 JavaThread "jar transforms Thread 314" [_thread_blocked, id=7136, stack(0x0000000024380000,0x0000000024480000)]
  0x000000001dbcd000 JavaThread "jar transforms Thread 313" [_thread_blocked, id=5180, stack(0x0000000024280000,0x0000000024380000)]
  0x000000001dbc5800 JavaThread "jar transforms Thread 312" [_thread_blocked, id=3992, stack(0x0000000024180000,0x0000000024280000)]
  0x000000001dbc7800 JavaThread "jar transforms Thread 311" [_thread_blocked, id=1748, stack(0x0000000024080000,0x0000000024180000)]
  0x000000001dbcc000 JavaThread "jar transforms Thread 310" [_thread_blocked, id=6816, stack(0x0000000023f80000,0x0000000024080000)]
  0x000000001dbca000 JavaThread "jar transforms Thread 309" [_thread_blocked, id=564, stack(0x0000000023e80000,0x0000000023f80000)]
  0x000000001dbcb800 JavaThread "jar transforms Thread 308" [_thread_blocked, id=2720, stack(0x0000000023d80000,0x0000000023e80000)]
  0x000000001dbca800 JavaThread "Build operations Thread 4" [_thread_blocked, id=2360, stack(0x0000000023c80000,0x0000000023d80000)]
  0x000000001dbc9000 JavaThread "Build operations Thread 3" [_thread_blocked, id=7764, stack(0x0000000023b80000,0x0000000023c80000)]
  0x000000001b5a0800 JavaThread "Build operations Thread 2" [_thread_blocked, id=5948, stack(0x0000000023a80000,0x0000000023b80000)]
  0x000000001b5a1800 JavaThread "Build operations" [_thread_blocked, id=6496, stack(0x0000000023980000,0x0000000023a80000)]
  0x000000001b59d000 JavaThread "Cache worker for Build Output Cleanup Cache (D:\Akash_data\Documents\CityOne\.gradle\buildOutputCleanup)" [_thread_blocked, id=2144, stack(0x0000000023680000,0x0000000023780000)]
  0x000000001b5a3800 JavaThread "Cache worker for cache directory md-rule (C:\Users\Akash\.gradle\caches\6.5\md-rule)" [_thread_blocked, id=5672, stack(0x0000000023580000,0x0000000023680000)]
  0x000000001b5a2000 JavaThread "Cache worker for cache directory md-supplier (C:\Users\Akash\.gradle\caches\6.5\md-supplier)" [_thread_blocked, id=7828, stack(0x0000000023480000,0x0000000023580000)]
  0x000000001b59e800 JavaThread "Cache worker for checksums cache (D:\Akash_data\Documents\CityOne\.gradle\checksums)" [_thread_blocked, id=5820, stack(0x0000000023380000,0x0000000023480000)]
  0x000000001b5a3000 JavaThread "jar transforms Thread 307" [_thread_blocked, id=8572, stack(0x0000000023280000,0x0000000023380000)]
  0x000000001b5a0000 JavaThread "jar transforms Thread 306" [_thread_blocked, id=8224, stack(0x0000000023180000,0x0000000023280000)]
  0x000000001b59d800 JavaThread "jar transforms Thread 305" [_thread_blocked, id=2860, stack(0x0000000023080000,0x0000000023180000)]
  0x000000001b59f000 JavaThread "jar transforms Thread 304" [_thread_blocked, id=6884, stack(0x0000000022f80000,0x0000000023080000)]
  0x000000001b595000 JavaThread "jar transforms Thread 303" [_thread_blocked, id=908, stack(0x0000000022e80000,0x0000000022f80000)]
  0x000000001b59c000 JavaThread "jar transforms Thread 302" [_thread_blocked, id=7492, stack(0x0000000022c80000,0x0000000022d80000)]
  0x000000001b59b000 JavaThread "jar transforms Thread 301" [_thread_blocked, id=1204, stack(0x0000000022b80000,0x0000000022c80000)]
  0x000000001b59a800 JavaThread "jar transforms Thread 300" [_thread_blocked, id=1796, stack(0x0000000022a80000,0x0000000022b80000)]
  0x000000001b599800 JavaThread "jar transforms Thread 299" [_thread_blocked, id=8928, stack(0x0000000022980000,0x0000000022a80000)]
  0x000000001b599000 JavaThread "jar transforms Thread 298" [_thread_blocked, id=9148, stack(0x0000000022880000,0x0000000022980000)]
  0x000000001b598000 JavaThread "jar transforms Thread 297" [_thread_blocked, id=6108, stack(0x0000000022780000,0x0000000022880000)]
  0x000000001b597800 JavaThread "jar transforms Thread 296" [_thread_blocked, id=6772, stack(0x0000000022680000,0x0000000022780000)]
  0x000000001b594800 JavaThread "jar transforms Thread 295" [_thread_blocked, id=6536, stack(0x0000000022580000,0x0000000022680000)]
  0x000000001b596800 JavaThread "jar transforms Thread 294" [_thread_blocked, id=1616, stack(0x0000000022480000,0x0000000022580000)]
  0x000000001f495800 JavaThread "jar transforms Thread 293" [_thread_blocked, id=7884, stack(0x0000000022380000,0x0000000022480000)]
  0x000000001f495000 JavaThread "jar transforms Thread 292" [_thread_blocked, id=216, stack(0x0000000022280000,0x0000000022380000)]
  0x000000001f494000 JavaThread "jar transforms Thread 291" [_thread_blocked, id=3272, stack(0x0000000022180000,0x0000000022280000)]
  0x000000001f493800 JavaThread "jar transforms Thread 290" [_thread_blocked, id=8564, stack(0x0000000022080000,0x0000000022180000)]
  0x000000001f48b000 JavaThread "jar transforms Thread 289" [_thread_blocked, id=2216, stack(0x0000000021880000,0x0000000021980000)]
  0x000000001f491000 JavaThread "jar transforms Thread 288" [_thread_blocked, id=8376, stack(0x0000000021080000,0x0000000021180000)]
  0x000000001f490800 JavaThread "jar transforms Thread 287" [_thread_blocked, id=4796, stack(0x0000000020f80000,0x0000000021080000)]
  0x000000001f48a000 JavaThread "jar transforms Thread 286" [_thread_blocked, id=6160, stack(0x000000001fc30000,0x000000001fd30000)]
  0x000000001f489800 JavaThread "jar transforms Thread 285" [_thread_blocked, id=6544, stack(0x000000001f930000,0x000000001fa30000)]
  0x000000001f48f800 JavaThread "jar transforms Thread 284" [_thread_blocked, id=9108, stack(0x000000001d190000,0x000000001d290000)]
  0x000000001f488000 JavaThread "jar transforms Thread 283" [_thread_blocked, id=6076, stack(0x000000001d090000,0x000000001d190000)]
  0x000000001f48c800 JavaThread "Cache worker for file hash cache (D:\Akash_data\Documents\CityOne\.gradle\6.5\fileHashes)" [_thread_blocked, id=8240, stack(0x000000001cf90000,0x000000001d090000)]
  0x000000001f48f000 JavaThread "Thread-370" [_thread_blocked, id=5536, stack(0x000000001ce90000,0x000000001cf90000)]
  0x000000001f488800 JavaThread "Stdin handler" [_thread_blocked, id=5424, stack(0x000000001c990000,0x000000001ca90000)]
  0x000000001f487000 JavaThread "Asynchronous log dispatcher for DefaultDaemonConnection: socket connection from /127.0.0.1:49978 to /127.0.0.1:50566" [_thread_blocked, id=3248, stack(0x000000001c550000,0x000000001c650000)]
=>0x000000001f48b800 JavaThread "Daemon worker Thread 3" [_thread_in_vm, id=2572, stack(0x000000001c450000,0x000000001c550000)]
  0x000000001f48e000 JavaThread "Cancel handler" [_thread_blocked, id=8760, stack(0x0000000000f80000,0x0000000001080000)]
  0x000000001f486800 JavaThread "Handler for socket connection from /127.0.0.1:49978 to /127.0.0.1:50566" [_thread_in_native, id=6336, stack(0x0000000000e80000,0x0000000000f80000)]
  0x000000001f48d800 JavaThread "Daemon Thread 3" [_thread_blocked, id=6688, stack(0x0000000000d80000,0x0000000000e80000)]
  0x000000001a53d000 JavaThread "Cache worker for Java compile cache (C:\Users\Akash\.gradle\caches\6.5\javaCompile)" [_thread_blocked, id=6556, stack(0x000000002bdc0000,0x000000002bec0000)]
  0x000000001dbd0000 JavaThread "Memory manager" [_thread_blocked, id=4896, stack(0x0000000028480000,0x0000000028580000)]
  0x000000001b633800 JavaThread "Cache worker for file content cache (C:\Users\Akash\.gradle\caches\6.5\fileContent)" [_thread_blocked, id=1472, stack(0x0000000021980000,0x0000000021a80000)]
  0x000000001b2f0000 JavaThread "Cache worker for execution history cache (C:\Users\Akash\.gradle\caches\6.5\executionHistory)" [_thread_blocked, id=7472, stack(0x0000000021180000,0x0000000021280000)]
  0x000000001b2f4800 JavaThread "Cache worker for file hash cache (C:\Users\Akash\.gradle\caches\6.5\fileHashes)" [_thread_blocked, id=8944, stack(0x000000001d690000,0x000000001d790000)]
  0x000000001b2f2000 JavaThread "File lock request listener" [_thread_in_native, id=3852, stack(0x000000001d590000,0x000000001d690000)]
  0x000000001b2ed800 JavaThread "Cache worker for journal cache (C:\Users\Akash\.gradle\caches\journal-1)" [_thread_blocked, id=4464, stack(0x000000001d490000,0x000000001d590000)]
  0x000000001b0da800 JavaThread "Daemon periodic checks" [_thread_blocked, id=8360, stack(0x000000001c890000,0x000000001c990000)]
  0x000000001a02e800 JavaThread "Incoming local TCP Connector on port 49978" [_thread_in_native, id=1696, stack(0x000000001c650000,0x000000001c750000)]
  0x000000001afc9800 JavaThread "Daemon health stats" [_thread_blocked, id=8496, stack(0x000000001c010000,0x000000001c110000)]
  0x00000000190a8800 JavaThread "Service Thread" daemon [_thread_blocked, id=1656, stack(0x0000000019470000,0x0000000019570000)]
  0x0000000017729800 JavaThread "C1 CompilerThread2" daemon [_thread_blocked, id=2724, stack(0x0000000018f70000,0x0000000019070000)]
  0x000000001771b000 JavaThread "C2 CompilerThread1" daemon [_thread_blocked, id=2808, stack(0x0000000018e70000,0x0000000018f70000)]
  0x0000000017712800 JavaThread "C2 CompilerThread0" daemon [_thread_in_native, id=8616, stack(0x0000000018d70000,0x0000000018e70000)]
  0x0000000017716000 JavaThread "Attach Listener" daemon [_thread_blocked, id=5880, stack(0x0000000018c70000,0x0000000018d70000)]
  0x0000000017714800 JavaThread "Signal Dispatcher" daemon [_thread_blocked, id=4292, stack(0x0000000018b70000,0x0000000018c70000)]
  0x0000000002a3b000 JavaThread "Finalizer" daemon [_thread_blocked, id=8548, stack(0x0000000018970000,0x0000000018a70000)]
  0x00000000176f9000 JavaThread "Reference Handler" daemon [_thread_blocked, id=9208, stack(0x0000000018870000,0x0000000018970000)]
  0x0000000002aee000 JavaThread "main" [_thread_blocked, id=3552, stack(0x0000000002820000,0x0000000002920000)]

Other Threads:
  0x00000000176d6000 VMThread [stack: 0x0000000018770000,0x0000000018870000] [id=6732]
  0x000000001776a800 WatcherThread [stack: 0x0000000019570000,0x0000000019670000] [id=8716]

VM state:not at safepoint (normal execution)

VM Mutex/Monitor currently owned by a thread:  ([mutex/lock_event])
[0x0000000002aec170] CodeCache_lock - owner thread: 0x000000001f48b800
[0x0000000002940c50] Compile_lock - owner thread: 0x000000001f48b800

heap address: 0x0000000080000000, size: 2048 MB, Compressed Oops mode: 32-bit
Narrow klass base: 0x0000000000000000, Narrow klass shift: 3
Compressed class space size: 1073741824 Address: 0x0000000100000000

Heap:
 PSYoungGen      total 483328K, used 330767K [0x00000000d5580000, 0x00000000fe900000, 0x0000000100000000)
  eden space 311808K, 99% used [0x00000000d5580000,0x00000000e84c3da0,0x00000000e8600000)
  from space 171520K, 11% used [0x00000000f4180000,0x00000000f55401b0,0x00000000fe900000)
  to   space 181760K, 0% used [0x00000000e8600000,0x00000000e8600000,0x00000000f3780000)
 ParOldGen       total 491008K, used 305438K [0x0000000080000000, 0x000000009df80000, 0x00000000d5580000)
  object space 491008K, 62% used [0x0000000080000000,0x0000000092a47b00,0x000000009df80000)
 Metaspace       used 114282K, capacity 120050K, committed 120344K, reserved 1155072K
  class space    used 14536K, capacity 15614K, committed 15664K, reserved 1048576K

Card table byte_map: [0x0000000011eb0000,0x00000000122c0000] byte_map_base: 0x0000000011ab0000

Marking Bits: (ParMarkBitMap*) 0x0000000072f9f030
 Begin Bits: [0x0000000012970000, 0x0000000014970000)
 End Bits:   [0x0000000014970000, 0x0000000016970000)

Polling page: 0x0000000000c10000

CodeCache: size=245760Kb used=67898Kb max_used=67898Kb free=177861Kb
 bounds [0x0000000002af0000, 0x0000000006da0000, 0x0000000011af0000]
 total_blobs=20223 nmethods=19307 adapters=827
 compilation: enabled

Compilation events (10 events):
Event: 4437.081 Thread 0x0000000017729800 nmethod 24831 0x0000000006d8dbd0 code [0x0000000006d8df20, 0x0000000006d8f7f8]
Event: 4437.082 Thread 0x000000001771b000 nmethod 24834 0x0000000006d93510 code [0x0000000006d936a0, 0x0000000006d93c48]
Event: 4437.106 Thread 0x0000000017729800 24836       3       org.gradle.model.internal.asm.AsmClassGeneratorUtils::visitParameters (47 bytes)
Event: 4437.107 Thread 0x0000000017729800 nmethod 24836 0x0000000006d924d0 code [0x0000000006d926c0, 0x0000000006d92f38]
Event: 4437.107 Thread 0x0000000017729800 24835       3       org.gradle.model.internal.asm.AsmClassGeneratorUtils::visitFormalTypeParameters (108 bytes)
Event: 4437.108 Thread 0x0000000017729800 nmethod 24835 0x0000000006d94190 code [0x0000000006d94460, 0x0000000006d95978]
Event: 4437.109 Thread 0x0000000017729800 24837       3       org.gradle.internal.event.DefaultListenerManager::access$200 (6 bytes)
Event: 4437.109 Thread 0x0000000017729800 nmethod 24837 0x0000000006d81550 code [0x0000000006d816c0, 0x0000000006d81828]
Event: 4437.109 Thread 0x0000000017729800 24838       3       org.gradle.internal.event.DefaultListenerManager$EventBroadcast::<init> (117 bytes)
Event: 4437.110 Thread 0x0000000017729800 nmethod 24838 0x0000000006d90350 code [0x0000000006d90620, 0x0000000006d917d8]

GC Heap History (10 events):
Event: 1289.619 GC heap before
{Heap before GC invocations=31 (full 7):
 PSYoungGen      total 417280K, used 134143K [0x00000000d5580000, 0x0000000100000000, 0x0000000100000000)
  eden space 283136K, 0% used [0x00000000d5580000,0x00000000d5580000,0x00000000e6a00000)
  from space 134144K, 99% used [0x00000000f7d00000,0x00000000fffffe00,0x0000000100000000)
  to   space 207872K, 0% used [0x00000000e6a00000,0x00000000e6a00000,0x00000000f3500000)
 ParOldGen       total 328704K, used 278168K [0x0000000080000000, 0x0000000094100000, 0x00000000d5580000)
  object space 328704K, 84% used [0x0000000080000000,0x0000000090fa6048,0x0000000094100000)
 Metaspace       used 103705K, capacity 108362K, committed 108568K, reserved 1144832K
  class space    used 13241K, capacity 14121K, committed 14128K, reserved 1048576K
Event: 1291.423 GC heap after
Heap after GC invocations=31 (full 7):
 PSYoungGen      total 417280K, used 0K [0x00000000d5580000, 0x0000000100000000, 0x0000000100000000)
  eden space 283136K, 0% used [0x00000000d5580000,0x00000000d5580000,0x00000000e6a00000)
  from space 134144K, 0% used [0x00000000f7d00000,0x00000000f7d00000,0x0000000100000000)
  to   space 207872K, 0% used [0x00000000e6a00000,0x00000000e6a00000,0x00000000f3500000)
 ParOldGen       total 491008K, used 305406K [0x0000000080000000, 0x000000009df80000, 0x00000000d5580000)
  object space 491008K, 62% used [0x0000000080000000,0x0000000092a3fb00,0x000000009df80000)
 Metaspace       used 103700K, capacity 108344K, committed 108568K, reserved 1144832K
  class space    used 13239K, capacity 14118K, committed 14128K, reserved 1048576K
}
Event: 1292.576 GC heap before
{Heap before GC invocations=32 (full 7):
 PSYoungGen      total 417280K, used 283136K [0x00000000d5580000, 0x0000000100000000, 0x0000000100000000)
  eden space 283136K, 100% used [0x00000000d5580000,0x00000000e6a00000,0x00000000e6a00000)
  from space 134144K, 0% used [0x00000000f7d00000,0x00000000f7d00000,0x0000000100000000)
  to   space 207872K, 0% used [0x00000000e6a00000,0x00000000e6a00000,0x00000000f3500000)
 ParOldGen       total 491008K, used 305406K [0x0000000080000000, 0x000000009df80000, 0x00000000d5580000)
  object space 491008K, 62% used [0x0000000080000000,0x0000000092a3fb00,0x000000009df80000)
 Metaspace       used 103929K, capacity 108686K, committed 108952K, reserved 1144832K
  class space    used 13274K, capacity 14173K, committed 14256K, reserved 1048576K
Event: 1292.635 GC heap after
Heap after GC invocations=32 (full 7):
 PSYoungGen      total 491008K, used 39151K [0x00000000d5580000, 0x0000000100000000, 0x0000000100000000)
  eden space 283136K, 0% used [0x00000000d5580000,0x00000000d5580000,0x00000000e6a00000)
  from space 207872K, 18% used [0x00000000e6a00000,0x00000000e903bdc0,0x00000000f3500000)
  to   space 199680K, 0% used [0x00000000f3d00000,0x00000000f3d00000,0x0000000100000000)
 ParOldGen       total 491008K, used 305414K [0x0000000080000000, 0x000000009df80000, 0x00000000d5580000)
  object space 491008K, 62% used [0x0000000080000000,0x0000000092a41b00,0x000000009df80000)
 Metaspace       used 103929K, capacity 108686K, committed 108952K, reserved 1144832K
  class space    used 13274K, capacity 14173K, committed 14256K, reserved 1048576K
}
Event: 1294.457 GC heap before
{Heap before GC invocations=33 (full 7):
 PSYoungGen      total 491008K, used 322287K [0x00000000d5580000, 0x0000000100000000, 0x0000000100000000)
  eden space 283136K, 100% used [0x00000000d5580000,0x00000000e6a00000,0x00000000e6a00000)
  from space 207872K, 18% used [0x00000000e6a00000,0x00000000e903bdc0,0x00000000f3500000)
  to   space 199680K, 0% used [0x00000000f3d00000,0x00000000f3d00000,0x0000000100000000)
 ParOldGen       total 491008K, used 305414K [0x0000000080000000, 0x000000009df80000, 0x00000000d5580000)
  object space 491008K, 62% used [0x0000000080000000,0x0000000092a41b00,0x000000009df80000)
 Metaspace       used 104189K, capacity 108954K, committed 109208K, reserved 1144832K
  class space    used 13294K, capacity 14189K, committed 14256K, reserved 1048576K
Event: 1294.478 GC heap after
Heap after GC invocations=33 (full 7):
 PSYoungGen      total 476672K, used 10577K [0x00000000d5580000, 0x00000000ff200000, 0x0000000100000000)
  eden space 291328K, 0% used [0x00000000d5580000,0x00000000d5580000,0x00000000e7200000)
  from space 185344K, 5% used [0x00000000f3d00000,0x00000000f4754468,0x00000000ff200000)
  to   space 196608K, 0% used [0x00000000e7200000,0x00000000e7200000,0x00000000f3200000)
 ParOldGen       total 491008K, used 305422K [0x0000000080000000, 0x000000009df80000, 0x00000000d5580000)
  object space 491008K, 62% used [0x0000000080000000,0x0000000092a43b00,0x000000009df80000)
 Metaspace       used 104189K, capacity 108954K, committed 109208K, reserved 1144832K
  class space    used 13294K, capacity 14189K, committed 14256K, reserved 1048576K
}
Event: 1299.013 GC heap before
{Heap before GC invocations=34 (full 7):
 PSYoungGen      total 476672K, used 301138K [0x00000000d5580000, 0x00000000ff200000, 0x0000000100000000)
  eden space 291328K, 99% used [0x00000000d5580000,0x00000000e7140550,0x00000000e7200000)
  from space 185344K, 5% used [0x00000000f3d00000,0x00000000f4754468,0x00000000ff200000)
  to   space 196608K, 0% used [0x00000000e7200000,0x00000000e7200000,0x00000000f3200000)
 ParOldGen       total 491008K, used 305422K [0x0000000080000000, 0x000000009df80000, 0x00000000d5580000)
  object space 491008K, 62% used [0x0000000080000000,0x0000000092a43b00,0x000000009df80000)
 Metaspace       used 105400K, capacity 110296K, committed 110360K, reserved 1144832K
  class space    used 13449K, capacity 14352K, committed 14384K, reserved 1048576K
Event: 1299.033 GC heap after
Heap after GC invocations=34 (full 7):
 PSYoungGen      total 487936K, used 39684K [0x00000000d5580000, 0x00000000ff880000, 0x0000000100000000)
  eden space 291328K, 0% used [0x00000000d5580000,0x00000000d5580000,0x00000000e7200000)
  from space 196608K, 20% used [0x00000000e7200000,0x00000000e98c1140,0x00000000f3200000)
  to   space 187392K, 0% used [0x00000000f4180000,0x00000000f4180000,0x00000000ff880000)
 ParOldGen       total 491008K, used 305430K [0x0000000080000000, 0x000000009df80000, 0x00000000d5580000)
  object space 491008K, 62% used [0x0000000080000000,0x0000000092a45b00,0x000000009df80000)
 Metaspace       used 105400K, capacity 110296K, committed 110360K, reserved 1144832K
  class space    used 13449K, capacity 14352K, committed 14384K, reserved 1048576K
}
Event: 1355.647 GC heap before
{Heap before GC invocations=35 (full 7):
 PSYoungGen      total 487936K, used 331012K [0x00000000d5580000, 0x00000000ff880000, 0x0000000100000000)
  eden space 291328K, 100% used [0x00000000d5580000,0x00000000e7200000,0x00000000e7200000)
  from space 196608K, 20% used [0x00000000e7200000,0x00000000e98c1140,0x00000000f3200000)
  to   space 187392K, 0% used [0x00000000f4180000,0x00000000f4180000,0x00000000ff880000)
 ParOldGen       total 491008K, used 305430K [0x0000000080000000, 0x000000009df80000, 0x00000000d5580000)
  object space 491008K, 62% used [0x0000000080000000,0x0000000092a45b00,0x000000009df80000)
 Metaspace       used 105953K, capacity 111034K, committed 111256K, reserved 1146880K
  class space    used 13497K, capacity 14417K, committed 14512K, reserved 1048576K
Event: 1355.709 GC heap after
Heap after GC invocations=35 (full 7):
 PSYoungGen      total 483328K, used 20224K [0x00000000d5580000, 0x00000000fe900000, 0x0000000100000000)
  eden space 311808K, 0% used [0x00000000d5580000,0x00000000d5580000,0x00000000e8600000)
  from space 171520K, 11% used [0x00000000f4180000,0x00000000f55401b0,0x00000000fe900000)
  to   space 181760K, 0% used [0x00000000e8600000,0x00000000e8600000,0x00000000f3780000)
 ParOldGen       total 491008K, used 305438K [0x0000000080000000, 0x000000009df80000, 0x00000000d5580000)
  object space 491008K, 62% used [0x0000000080000000,0x0000000092a47b00,0x000000009df80000)
 Metaspace       used 105953K, capacity 111034K, committed 111256K, reserved 1146880K
  class space    used 13497K, capacity 14417K, committed 14512K, reserved 1048576K
}

Deoptimization events (10 events):
Event: 4436.294 Thread 0x000000001f48b800 Uncommon trap: reason=class_check action=maybe_recompile pc=0x00000000069aca74 method=org.gradle.api.internal.artifacts.DefaultModuleVersionIdentifier.<init>(Lorg/gradle/api/artifacts/ModuleIdentifier;Ljava/lang/String;)V @ 38
Event: 4436.298 Thread 0x000000001f48b800 Uncommon trap: reason=class_check action=maybe_recompile pc=0x00000000069aca74 method=org.gradle.api.internal.artifacts.DefaultModuleVersionIdentifier.<init>(Lorg/gradle/api/artifacts/ModuleIdentifier;Ljava/lang/String;)V @ 38
Event: 4436.300 Thread 0x000000001f48b800 Uncommon trap: reason=class_check action=maybe_recompile pc=0x00000000069aca74 method=org.gradle.api.internal.artifacts.DefaultModuleVersionIdentifier.<init>(Lorg/gradle/api/artifacts/ModuleIdentifier;Ljava/lang/String;)V @ 38
Event: 4436.618 Thread 0x000000001f48b800 Uncommon trap: reason=unstable_if action=reinterpret pc=0x000000000394f8c0 method=groovy.lang.MetaClassImpl.checkIfStdMethod(Lgroovy/lang/MetaMethod;)V @ 167
Event: 4436.630 Thread 0x000000001f48b800 Uncommon trap: reason=unstable_if action=reinterpret pc=0x0000000002e2b3c0 method=groovy.lang.MetaClassImpl.filterPropertyMethod(Ljava/lang/Object;ZZ)Ljava/lang/Object; @ 60
Event: 4436.791 Thread 0x000000001f48b800 Uncommon trap: reason=unstable_if action=reinterpret pc=0x0000000003db7868 method=java.util.TreeSet.add(Ljava/lang/Object;)Z @ 13
Event: 4437.069 Thread 0x000000001f48b800 Uncommon trap: reason=unstable_if action=reinterpret pc=0x0000000003d54840 method=org.objectweb.asm.Type.getType(Ljava/lang/Class;)Lorg/objectweb/asm/Type; @ 33
Event: 4437.069 Thread 0x000000001f48b800 Uncommon trap: reason=unstable_if action=reinterpret pc=0x0000000006d57ff8 method=org.objectweb.asm.Type.getArgumentsAndReturnSizes(Ljava/lang/String;)I @ 117
Event: 4437.070 Thread 0x000000001f48b800 Uncommon trap: reason=unstable_if action=reinterpret pc=0x00000000035423b4 method=org.objectweb.asm.Type.getArgumentsAndReturnSizes(Ljava/lang/String;)I @ 117
Event: 4437.071 Thread 0x000000001f48b800 Uncommon trap: reason=unstable_if action=reinterpret pc=0x00000000039133fc method=org.objectweb.asm.Type.getArgumentsAndReturnSizes(Ljava/lang/String;)I @ 19

Classes redefined (0 events):
No events

Internal exceptions (10 events):
Event: 4436.705 Thread 0x000000001f48b800 Exception <a 'java/lang/ClassNotFoundException': org/gradle/plugins/ide/idea/model/IdeaModuleBeanInfo> (0x00000000e6f754f8) thrown at [C:\src\AOSP-openjdk-git\hotspot\src\share\vm\classfile\systemDictionary.cpp, line 210]
Event: 4436.707 Thread 0x000000001f48b800 Exception <a 'java/lang/ClassNotFoundException': org/gradle/plugins/ide/idea/model/IdeaModuleCustomizer> (0x00000000e6f9f6c0) thrown at [C:\src\AOSP-openjdk-git\hotspot\src\share\vm\classfile\systemDictionary.cpp, line 210]
Event: 4436.712 Thread 0x000000001f48b800 Exception <a 'java/lang/ClassNotFoundException': org/gradle/plugins/ide/idea/model/IdeaModule_DecoratedCustomizer> (0x00000000e7046b48) thrown at [C:\src\AOSP-openjdk-git\hotspot\src\share\vm\classfile\systemDictionary.cpp, line 210]
Event: 4436.730 Thread 0x000000001f48b800 Exception <a 'java/lang/NoSuchMethodError': <clinit>> (0x00000000e719e3a0) thrown at [C:\src\AOSP-openjdk-git\hotspot\src\share\vm\prims\jni.cpp, line 1615]
Event: 4436.738 Thread 0x000000001f48b800 Exception <a 'java/lang/NoSuchMethodError': <clinit>> (0x00000000e7279040) thrown at [C:\src\AOSP-openjdk-git\hotspot\src\share\vm\prims\jni.cpp, line 1615]
Event: 4436.744 Thread 0x000000001f48b800 Exception <a 'java/lang/NoSuchMethodError': <clinit>> (0x00000000e730cdb0) thrown at [C:\src\AOSP-openjdk-git\hotspot\src\share\vm\prims\jni.cpp, line 1615]
Event: 4436.754 Thread 0x000000001f48b800 Exception <a 'java/lang/NoSuchMethodError': <clinit>> (0x00000000e73d8608) thrown at [C:\src\AOSP-openjdk-git\hotspot\src\share\vm\prims\jni.cpp, line 1615]
Event: 4436.760 Thread 0x000000001f48b800 Exception <a 'java/lang/ClassNotFoundException': org/codehaus/groovy/runtime/NullObjectBeanInfo> (0x00000000e7421aa8) thrown at [C:\src\AOSP-openjdk-git\hotspot\src\share\vm\classfile\systemDictionary.cpp, line 210]
Event: 4436.761 Thread 0x000000001f48b800 Exception <a 'java/lang/ClassNotFoundException': org/codehaus/groovy/runtime/NullObjectCustomizer> (0x00000000e7438998) thrown at [C:\src\AOSP-openjdk-git\hotspot\src\share\vm\classfile\systemDictionary.cpp, line 210]
Event: 4437.004 Thread 0x000000001f48b800 Exception <a 'java/lang/NoSuchMethodError': <clinit>> (0x00000000e7fd9360) thrown at [C:\src\AOSP-openjdk-git\hotspot\src\share\vm\prims\jni.cpp, line 1615]

Events (10 events):
Event: 4437.098 Thread 0x000000001f48b800 DEOPT PACKING pc=0x00000000030907aa sp=0x000000001c549fa0
Event: 4437.098 Thread 0x000000001f48b800 DEOPT UNPACKING pc=0x0000000002b375d0 sp=0x000000001c549dd8 mode 0
Event: 4437.103 loading class org/gradle/api/internal/tasks/testing/logging/DefaultTestLogging
Event: 4437.103 loading class org/gradle/api/internal/tasks/testing/logging/DefaultTestLogging done
Event: 4437.110 loading class org/gradle/api/internal/tasks/testing/DefaultTestTaskReports
Event: 4437.110 loading class org/gradle/api/internal/tasks/testing/DefaultTestTaskReports done
Event: 4437.110 loading class org/gradle/api/reporting/internal/TaskReportContainer
Event: 4437.110 loading class org/gradle/api/reporting/internal/TaskReportContainer done
Event: 4437.112 loading class org/gradle/api/reporting/internal/DefaultReportContainer
Event: 4437.112 loading class org/gradle/api/reporting/internal/DefaultReportContainer done


Dynamic libraries:
0x00007ff60c840000 - 0x00007ff60c871000 	C:\Program Files\Android\Android Studio\jre\bin\java.exe
0x00007ff833f60000 - 0x00007ff834150000 	C:\Windows\SYSTEM32\ntdll.dll
0x00007ff833060000 - 0x00007ff833112000 	C:\Windows\System32\KERNEL32.DLL
0x00007ff8315b0000 - 0x00007ff831855000 	C:\Windows\System32\KERNELBASE.dll
0x00007ff832410000 - 0x00007ff8324b3000 	C:\Windows\System32\ADVAPI32.dll
0x00007ff833ad0000 - 0x00007ff833b6e000 	C:\Windows\System32\msvcrt.dll
0x00007ff832350000 - 0x00007ff8323e7000 	C:\Windows\System32\sechost.dll
0x00007ff832d90000 - 0x00007ff832eaf000 	C:\Windows\System32\RPCRT4.dll
0x00007ff833b70000 - 0x00007ff833d04000 	C:\Windows\System32\USER32.dll
0x00007ff831520000 - 0x00007ff831541000 	C:\Windows\System32\win32u.dll
0x00007ff832ac0000 - 0x00007ff832ae6000 	C:\Windows\System32\GDI32.dll
0x00007ff831190000 - 0x00007ff831328000 	C:\Windows\System32\gdi32full.dll
0x00007ff8310a0000 - 0x00007ff83113e000 	C:\Windows\System32\msvcp_win.dll
0x00007ff830fa0000 - 0x00007ff83109a000 	C:\Windows\System32\ucrtbase.dll
0x00007ff820250000 - 0x00007ff8204d4000 	C:\Windows\WinSxS\amd64_microsoft.windows.common-controls_6595b64144ccf1df_6.0.18362.1440_none_9e7dbfb9e45e8e67\COMCTL32.dll
0x00007ff832010000 - 0x00007ff832346000 	C:\Windows\System32\combase.dll
0x00007ff831490000 - 0x00007ff831511000 	C:\Windows\System32\bcryptPrimitives.dll
0x00007ff832570000 - 0x00007ff83259e000 	C:\Windows\System32\IMM32.DLL
0x00000000726f0000 - 0x00000000727c2000 	C:\Program Files\Android\Android Studio\jre\jre\bin\msvcr100.dll
0x00000000727d0000 - 0x000000007301b000 	C:\Program Files\Android\Android Studio\jre\jre\bin\server\jvm.dll
0x00007ff832d80000 - 0x00007ff832d88000 	C:\Windows\System32\PSAPI.DLL
0x00007ff829ad0000 - 0x00007ff829ad9000 	C:\Windows\SYSTEM32\WSOCK32.dll
0x00007ff82ed90000 - 0x00007ff82edb4000 	C:\Windows\SYSTEM32\WINMM.dll
0x00007ff832eb0000 - 0x00007ff832f1f000 	C:\Windows\System32\WS2_32.dll
0x00007ff8242a0000 - 0x00007ff8242aa000 	C:\Windows\SYSTEM32\VERSION.dll
0x00007ff82e910000 - 0x00007ff82e93d000 	C:\Windows\SYSTEM32\WINMMBASE.dll
0x00007ff831140000 - 0x00007ff83118a000 	C:\Windows\System32\cfgmgr32.dll
0x00007ff829ac0000 - 0x00007ff829acf000 	C:\Program Files\Android\Android Studio\jre\jre\bin\verify.dll
0x00007ff81d130000 - 0x00007ff81d159000 	C:\Program Files\Android\Android Studio\jre\jre\bin\java.dll
0x00007ff829aa0000 - 0x00007ff829ab6000 	C:\Program Files\Android\Android Studio\jre\jre\bin\zip.dll
0x00007ff8331f0000 - 0x00007ff8338d8000 	C:\Windows\System32\SHELL32.dll
0x00007ff8325a0000 - 0x00007ff832647000 	C:\Windows\System32\shcore.dll
0x00007ff831860000 - 0x00007ff831fdb000 	C:\Windows\System32\windows.storage.dll
0x00007ff830e90000 - 0x00007ff830eae000 	C:\Windows\System32\profapi.dll
0x00007ff830e40000 - 0x00007ff830e8a000 	C:\Windows\System32\powrprof.dll
0x00007ff830e10000 - 0x00007ff830e20000 	C:\Windows\System32\UMPDC.dll
0x00007ff832c50000 - 0x00007ff832ca2000 	C:\Windows\System32\shlwapi.dll
0x00007ff830eb0000 - 0x00007ff830ec1000 	C:\Windows\System32\kernel.appcore.dll
0x00007ff830f80000 - 0x00007ff830f97000 	C:\Windows\System32\cryptsp.dll
0x00007ff825500000 - 0x00007ff82551a000 	C:\Program Files\Android\Android Studio\jre\jre\bin\net.dll
0x00007ff8305f0000 - 0x00007ff830657000 	C:\Windows\system32\mswsock.dll
0x00007ff81f4e0000 - 0x00007ff81f4f3000 	C:\Program Files\Android\Android Studio\jre\jre\bin\nio.dll
0x00007ff81ed60000 - 0x00007ff81ed87000 	C:\Users\Akash\.gradle\native\f6784746aeab05261644944871eae4fe03e0ef1612fff0a4a95f87b438bc6780\windows-amd64\native-platform.dll
0x00007ff81fc20000 - 0x00007ff81fc2d000 	C:\Program Files\Android\Android Studio\jre\jre\bin\management.dll
0x00007ff830170000 - 0x00007ff8301a3000 	C:\Windows\system32\rsaenh.dll
0x00007ff831fe0000 - 0x00007ff832006000 	C:\Windows\System32\bcrypt.dll
0x00007ff830cf0000 - 0x00007ff830d15000 	C:\Windows\SYSTEM32\USERENV.dll
0x00007ff8307c0000 - 0x00007ff8307cc000 	C:\Windows\SYSTEM32\CRYPTBASE.dll
0x00007ff830300000 - 0x00007ff83033a000 	C:\Windows\SYSTEM32\IPHLPAPI.DLL
0x00007ff833970000 - 0x00007ff833978000 	C:\Windows\System32\NSI.dll
0x00007ff82afb0000 - 0x00007ff82afc6000 	C:\Windows\SYSTEM32\dhcpcsvc6.DLL
0x00007ff82af30000 - 0x00007ff82af4c000 	C:\Windows\SYSTEM32\dhcpcsvc.DLL
0x00007ff830340000 - 0x00007ff83040b000 	C:\Windows\SYSTEM32\DNSAPI.dll
0x00007ff82b130000 - 0x00007ff82b13b000 	C:\Windows\SYSTEM32\WINNSI.DLL
0x00007ff8229c0000 - 0x00007ff822bb4000 	C:\Windows\SYSTEM32\dbghelp.dll

VM Arguments:
jvm_args: -Xmx2048m -Dfile.encoding=UTF-8 -Duser.country=US -Duser.language=en -Duser.variant 
java_command: org.gradle.launcher.daemon.bootstrap.GradleDaemon 6.5
java_class_path (initial): C:\Users\Akash\.gradle\wrapper\dists\gradle-6.5-all\2oz4ud9k3tuxjg84bbf55q0tn\gradle-6.5\lib\gradle-launcher-6.5.jar
Launcher Type: SUN_STANDARD

Environment Variables:
PATH=C:\Python39\Scripts\;C:\Python39\;C:\Program Files (x86)\Common Files\Oracle\Java\javapath;C:\Program Files\Common Files\Oracle\Java\javapath;C:\Windows\system32;C:\Windows;C:\Windows\System32\Wbem;C:\Windows\System32\WindowsPowerShell\v1.0\;C:\Windows\System32\OpenSSH\;C:\Program Files\nodejs\;C:\ProgramData\chocolatey\bin;C:\Program Files\Java\jdk1.8.0_271\bin;C:\Users\Akash\AppData\Roaming\npm
USERNAME=Akash
OS=Windows_NT
PROCESSOR_IDENTIFIER=Intel64 Family 6 Model 60 Stepping 3, GenuineIntel



---------------  S Y S T E M  ---------------

OS: Windows 10.0 , 64 bit Build 18362 (10.0.18362.1350)

CPU:total 4 (initial active 4) (2 cores per cpu, 2 threads per core) family 6 model 60 stepping 3, cmov, cx8, fxsr, mmx, sse, sse2, sse3, ssse3, sse4.1, sse4.2, popcnt, avx, avx2, aes, clmul, erms, lzcnt, ht, tsc, tscinvbit, bmi1, bmi2

Memory: 4k page, physical 3860244k(405588k free), swap 11200276k(4928808k free)

vm_info: OpenJDK 64-Bit Server VM (25.242-b01) for windows-amd64 JRE (1.8.0_242-release-1644-b01), built by "builder" with MS VC++ 10.0 (VS2010)

time: Tue Mar 23 11:45:08 2021
timezone: India Standard Time
elapsed time: 4437 seconds (0d 1h 13m 57s)

